<?xml version="1.0" encoding="UTF-8"?>
<testsuite xmlns:xsi="http://www.w3.org/2001/XMLSchema-instance" xsi:noNamespaceSchemaLocation="https://maven.apache.org/surefire/maven-surefire-plugin/xsd/surefire-test-report.xsd" name="com.gildedrose.ItemRepositoryTest" time="1.405" tests="3" errors="0" skipped="0" failures="0">
  <properties>
[...]
</properties>
  <testcase name="deleteByIdTest" classname="com.gildedrose.ItemRepositoryTest" time="0.602"/>
  <testcase name="getOneTest" classname="com.gildedrose.ItemRepositoryTest" time="0.415"/>
  <testcase name="getAllTest" classname="com.gildedrose.ItemRepositoryTest" time="0.386"/>
</testsuite>